ERROR - 2025-06-28 15:56:13 --> Error connecting to the database: mysqli_sql_exception: No such file or directory in /Users/macbookairm1/Desktop/Project/Perfect-Smile/vendor/codeigniter4/framework/system/Database/MySQLi/Connection.php:201
Stack trace:
#0 /Users/macbookairm1/Desktop/Project/Perfect-Smile/vendor/codeigniter4/framework/system/Database/MySQLi/Connection.php(201): mysqli->real_connect('localhost', '', Object(SensitiveParameterValue), '', 3306, '', 0)
#1 /Users/macbookairm1/Desktop/Project/Perfect-Smile/vendor/codeigniter4/framework/system/Database/BaseConnection.php(421): CodeIgniter\Database\MySQLi\Connection->connect(false)
#2 /Users/macbookairm1/Desktop/Project/Perfect-Smile/vendor/codeigniter4/framework/system/Database/BaseConnection.php(620): CodeIgniter\Database\BaseConnection->initialize()
#3 /Users/macbookairm1/Desktop/Project/Perfect-Smile/vendor/codeigniter4/framework/system/Database/BaseConnection.php(1525): CodeIgniter\Database\BaseConnection->query('SHOW TABLES FRO...')
#4 /Users/macbookairm1/Desktop/Project/Perfect-Smile/vendor/codeigniter4/framework/system/Database/BaseConnection.php(1545): CodeIgniter\Database\BaseConnection->listTables()
#5 /Users/macbookairm1/Desktop/Project/Perfect-Smile/vendor/codeigniter4/framework/system/Database/MigrationRunner.php(768): CodeIgniter\Database\BaseConnection->tableExists('migrations')
#6 /Users/macbookairm1/Desktop/Project/Perfect-Smile/vendor/codeigniter4/framework/system/Database/MigrationRunner.php(162): CodeIgniter\Database\MigrationRunner->ensureTable()
#7 /Users/macbookairm1/Desktop/Project/Perfect-Smile/vendor/codeigniter4/framework/system/Commands/Database/Migrate.php(85): CodeIgniter\Database\MigrationRunner->latest(NULL)
#8 /Users/macbookairm1/Desktop/Project/Perfect-Smile/vendor/codeigniter4/framework/system/CLI/Commands.php(74): CodeIgniter\Commands\Database\Migrate->run(Array)
#9 /Users/macbookairm1/Desktop/Project/Perfect-Smile/vendor/codeigniter4/framework/system/CLI/Console.php(47): CodeIgniter\CLI\Commands->run('migrate', Array)
#10 /Users/macbookairm1/Desktop/Project/Perfect-Smile/vendor/codeigniter4/framework/system/Boot.php(360): CodeIgniter\CLI\Console->run()
#11 /Users/macbookairm1/Desktop/Project/Perfect-Smile/vendor/codeigniter4/framework/system/Boot.php(104): CodeIgniter\Boot::runCommand(Object(CodeIgniter\CLI\Console))
#12 /Users/macbookairm1/Desktop/Project/Perfect-Smile/spark(87): CodeIgniter\Boot::bootSpark(Object(Config\Paths))
#13 {main}

Next CodeIgniter\Database\Exceptions\DatabaseException: No such file or directory in /Users/macbookairm1/Desktop/Project/Perfect-Smile/vendor/codeigniter4/framework/system/Database/MySQLi/Connection.php:246
Stack trace:
#0 /Users/macbookairm1/Desktop/Project/Perfect-Smile/vendor/codeigniter4/framework/system/Database/BaseConnection.php(421): CodeIgniter\Database\MySQLi\Connection->connect(false)
#1 /Users/macbookairm1/Desktop/Project/Perfect-Smile/vendor/codeigniter4/framework/system/Database/BaseConnection.php(620): CodeIgniter\Database\BaseConnection->initialize()
#2 /Users/macbookairm1/Desktop/Project/Perfect-Smile/vendor/codeigniter4/framework/system/Database/BaseConnection.php(1525): CodeIgniter\Database\BaseConnection->query('SHOW TABLES FRO...')
#3 /Users/macbookairm1/Desktop/Project/Perfect-Smile/vendor/codeigniter4/framework/system/Database/BaseConnection.php(1545): CodeIgniter\Database\BaseConnection->listTables()
#4 /Users/macbookairm1/Desktop/Project/Perfect-Smile/vendor/codeigniter4/framework/system/Database/MigrationRunner.php(768): CodeIgniter\Database\BaseConnection->tableExists('migrations')
#5 /Users/macbookairm1/Desktop/Project/Perfect-Smile/vendor/codeigniter4/framework/system/Database/MigrationRunner.php(162): CodeIgniter\Database\MigrationRunner->ensureTable()
#6 /Users/macbookairm1/Desktop/Project/Perfect-Smile/vendor/codeigniter4/framework/system/Commands/Database/Migrate.php(85): CodeIgniter\Database\MigrationRunner->latest(NULL)
#7 /Users/macbookairm1/Desktop/Project/Perfect-Smile/vendor/codeigniter4/framework/system/CLI/Commands.php(74): CodeIgniter\Commands\Database\Migrate->run(Array)
#8 /Users/macbookairm1/Desktop/Project/Perfect-Smile/vendor/codeigniter4/framework/system/CLI/Console.php(47): CodeIgniter\CLI\Commands->run('migrate', Array)
#9 /Users/macbookairm1/Desktop/Project/Perfect-Smile/vendor/codeigniter4/framework/system/Boot.php(360): CodeIgniter\CLI\Console->run()
#10 /Users/macbookairm1/Desktop/Project/Perfect-Smile/vendor/codeigniter4/framework/system/Boot.php(104): CodeIgniter\Boot::runCommand(Object(CodeIgniter\CLI\Console))
#11 /Users/macbookairm1/Desktop/Project/Perfect-Smile/spark(87): CodeIgniter\Boot::bootSpark(Object(Config\Paths))
#12 {main}
ERROR - 2025-06-28 15:57:03 --> Error connecting to the database: mysqli_sql_exception: No such file or directory in /Users/macbookairm1/Desktop/Project/Perfect-Smile/vendor/codeigniter4/framework/system/Database/MySQLi/Connection.php:201
Stack trace:
#0 /Users/macbookairm1/Desktop/Project/Perfect-Smile/vendor/codeigniter4/framework/system/Database/MySQLi/Connection.php(201): mysqli->real_connect('localhost', 'root', Object(SensitiveParameterValue), 'dentalv4', 3306, '', 0)
#1 /Users/macbookairm1/Desktop/Project/Perfect-Smile/vendor/codeigniter4/framework/system/Database/BaseConnection.php(421): CodeIgniter\Database\MySQLi\Connection->connect(false)
#2 /Users/macbookairm1/Desktop/Project/Perfect-Smile/vendor/codeigniter4/framework/system/Database/BaseConnection.php(620): CodeIgniter\Database\BaseConnection->initialize()
#3 /Users/macbookairm1/Desktop/Project/Perfect-Smile/vendor/codeigniter4/framework/system/Database/BaseConnection.php(1525): CodeIgniter\Database\BaseConnection->query('SHOW TABLES FRO...')
#4 /Users/macbookairm1/Desktop/Project/Perfect-Smile/vendor/codeigniter4/framework/system/Database/BaseConnection.php(1545): CodeIgniter\Database\BaseConnection->listTables()
#5 /Users/macbookairm1/Desktop/Project/Perfect-Smile/vendor/codeigniter4/framework/system/Database/MigrationRunner.php(768): CodeIgniter\Database\BaseConnection->tableExists('migrations')
#6 /Users/macbookairm1/Desktop/Project/Perfect-Smile/vendor/codeigniter4/framework/system/Database/MigrationRunner.php(162): CodeIgniter\Database\MigrationRunner->ensureTable()
#7 /Users/macbookairm1/Desktop/Project/Perfect-Smile/vendor/codeigniter4/framework/system/Commands/Database/Migrate.php(85): CodeIgniter\Database\MigrationRunner->latest(NULL)
#8 /Users/macbookairm1/Desktop/Project/Perfect-Smile/vendor/codeigniter4/framework/system/CLI/Commands.php(74): CodeIgniter\Commands\Database\Migrate->run(Array)
#9 /Users/macbookairm1/Desktop/Project/Perfect-Smile/vendor/codeigniter4/framework/system/CLI/Console.php(47): CodeIgniter\CLI\Commands->run('migrate', Array)
#10 /Users/macbookairm1/Desktop/Project/Perfect-Smile/vendor/codeigniter4/framework/system/Boot.php(360): CodeIgniter\CLI\Console->run()
#11 /Users/macbookairm1/Desktop/Project/Perfect-Smile/vendor/codeigniter4/framework/system/Boot.php(104): CodeIgniter\Boot::runCommand(Object(CodeIgniter\CLI\Console))
#12 /Users/macbookairm1/Desktop/Project/Perfect-Smile/spark(87): CodeIgniter\Boot::bootSpark(Object(Config\Paths))
#13 {main}

Next CodeIgniter\Database\Exceptions\DatabaseException: No such file or directory in /Users/macbookairm1/Desktop/Project/Perfect-Smile/vendor/codeigniter4/framework/system/Database/MySQLi/Connection.php:246
Stack trace:
#0 /Users/macbookairm1/Desktop/Project/Perfect-Smile/vendor/codeigniter4/framework/system/Database/BaseConnection.php(421): CodeIgniter\Database\MySQLi\Connection->connect(false)
#1 /Users/macbookairm1/Desktop/Project/Perfect-Smile/vendor/codeigniter4/framework/system/Database/BaseConnection.php(620): CodeIgniter\Database\BaseConnection->initialize()
#2 /Users/macbookairm1/Desktop/Project/Perfect-Smile/vendor/codeigniter4/framework/system/Database/BaseConnection.php(1525): CodeIgniter\Database\BaseConnection->query('SHOW TABLES FRO...')
#3 /Users/macbookairm1/Desktop/Project/Perfect-Smile/vendor/codeigniter4/framework/system/Database/BaseConnection.php(1545): CodeIgniter\Database\BaseConnection->listTables()
#4 /Users/macbookairm1/Desktop/Project/Perfect-Smile/vendor/codeigniter4/framework/system/Database/MigrationRunner.php(768): CodeIgniter\Database\BaseConnection->tableExists('migrations')
#5 /Users/macbookairm1/Desktop/Project/Perfect-Smile/vendor/codeigniter4/framework/system/Database/MigrationRunner.php(162): CodeIgniter\Database\MigrationRunner->ensureTable()
#6 /Users/macbookairm1/Desktop/Project/Perfect-Smile/vendor/codeigniter4/framework/system/Commands/Database/Migrate.php(85): CodeIgniter\Database\MigrationRunner->latest(NULL)
#7 /Users/macbookairm1/Desktop/Project/Perfect-Smile/vendor/codeigniter4/framework/system/CLI/Commands.php(74): CodeIgniter\Commands\Database\Migrate->run(Array)
#8 /Users/macbookairm1/Desktop/Project/Perfect-Smile/vendor/codeigniter4/framework/system/CLI/Console.php(47): CodeIgniter\CLI\Commands->run('migrate', Array)
#9 /Users/macbookairm1/Desktop/Project/Perfect-Smile/vendor/codeigniter4/framework/system/Boot.php(360): CodeIgniter\CLI\Console->run()
#10 /Users/macbookairm1/Desktop/Project/Perfect-Smile/vendor/codeigniter4/framework/system/Boot.php(104): CodeIgniter\Boot::runCommand(Object(CodeIgniter\CLI\Console))
#11 /Users/macbookairm1/Desktop/Project/Perfect-Smile/spark(87): CodeIgniter\Boot::bootSpark(Object(Config\Paths))
#12 {main}
ERROR - 2025-06-28 15:58:56 --> mysqli_sql_exception: Unknown column 'created_at' in 'field list' in /Users/macbookairm1/Desktop/Project/Perfect-Smile/vendor/codeigniter4/framework/system/Database/MySQLi/Connection.php:327
Stack trace:
#0 /Users/macbookairm1/Desktop/Project/Perfect-Smile/vendor/codeigniter4/framework/system/Database/MySQLi/Connection.php(327): mysqli->query('INSERT INTO `us...', 0)
#1 /Users/macbookairm1/Desktop/Project/Perfect-Smile/vendor/codeigniter4/framework/system/Database/BaseConnection.php(738): CodeIgniter\Database\MySQLi\Connection->execute('INSERT INTO `us...')
#2 /Users/macbookairm1/Desktop/Project/Perfect-Smile/vendor/codeigniter4/framework/system/Database/BaseConnection.php(652): CodeIgniter\Database\BaseConnection->simpleQuery('INSERT INTO `us...')
#3 /Users/macbookairm1/Desktop/Project/Perfect-Smile/vendor/codeigniter4/framework/system/Database/BaseBuilder.php(2345): CodeIgniter\Database\BaseConnection->query('INSERT INTO `us...', Array, false)
#4 /Users/macbookairm1/Desktop/Project/Perfect-Smile/vendor/codeigniter4/framework/system/Model.php(394): CodeIgniter\Database\BaseBuilder->insert()
#5 /Users/macbookairm1/Desktop/Project/Perfect-Smile/vendor/codeigniter4/framework/system/BaseModel.php(843): CodeIgniter\Model->doInsert(Array)
#6 /Users/macbookairm1/Desktop/Project/Perfect-Smile/vendor/codeigniter4/framework/system/Model.php(800): CodeIgniter\BaseModel->insert(Array, false)
#7 /Users/macbookairm1/Desktop/Project/Perfect-Smile/vendor/codeigniter4/framework/system/BaseModel.php(754): CodeIgniter\Model->insert(Array, false)
#8 /Users/macbookairm1/Desktop/Project/Perfect-Smile/app/Database/Seeds/UserSeeder.php(57): CodeIgniter\BaseModel->save(Array)
#9 /Users/macbookairm1/Desktop/Project/Perfect-Smile/vendor/codeigniter4/framework/system/Database/Seeder.php(149): App\Database\Seeds\UserSeeder->run()
#10 /Users/macbookairm1/Desktop/Project/Perfect-Smile/vendor/codeigniter4/framework/system/Commands/Database/Seed.php(79): CodeIgniter\Database\Seeder->call('App\\Database\\Se...')
#11 /Users/macbookairm1/Desktop/Project/Perfect-Smile/vendor/codeigniter4/framework/system/CLI/Commands.php(74): CodeIgniter\Commands\Database\Seed->run(Array)
#12 /Users/macbookairm1/Desktop/Project/Perfect-Smile/vendor/codeigniter4/framework/system/CLI/Console.php(47): CodeIgniter\CLI\Commands->run('db:seed', Array)
#13 /Users/macbookairm1/Desktop/Project/Perfect-Smile/vendor/codeigniter4/framework/system/Boot.php(360): CodeIgniter\CLI\Console->run()
#14 /Users/macbookairm1/Desktop/Project/Perfect-Smile/vendor/codeigniter4/framework/system/Boot.php(104): CodeIgniter\Boot::runCommand(Object(CodeIgniter\CLI\Console))
#15 /Users/macbookairm1/Desktop/Project/Perfect-Smile/spark(87): CodeIgniter\Boot::bootSpark(Object(Config\Paths))
#16 {main}
