DEBUG - 2025-08-09 03:09:04 --> Session: Class initialized using 'CodeIgniter\Session\Handlers\FileHandler' driver.
DEBUG - 2025-08-09 03:09:04 --> Session: Class initialized using 'CodeIgniter\Session\Handlers\FileHandler' driver.
DEBUG - 2025-08-09 03:09:07 --> Session: Class initialized using 'CodeIgniter\Session\Handlers\FileHandler' driver.
DEBUG - 2025-08-09 03:09:07 --> Session: Class initialized using 'CodeIgniter\Session\Handlers\FileHandler' driver.
DEBUG - 2025-08-09 03:09:10 --> Session: Class initialized using 'CodeIgniter\Session\Handlers\FileHandler' driver.
DEBUG - 2025-08-09 03:09:14 --> Session: Class initialized using 'CodeIgniter\Session\Handlers\FileHandler' driver.
INFO - 2025-08-09 03:09:14 --> Retrieved 3 active patients (filtered)
INFO - 2025-08-09 03:09:14 --> Active patient data: [{"id":"5","user_type":"patient","name":"Brandon Brandon Brandon","address":"Brandon@gmail.com","email":"Brandon@gmail.com","gender":"Male","password":"$2y$12$3225\/eB6Cz2MGgN3eHsp6.26RK\/q0nmDVEvBkvGubuBiyWpCNG3Sm","phone":"89078007077","created_at":"2025-07-08 13:39:16","updated_at":"2025-07-10 10:45:58","occupation":"Brandon","nationality":"Brandon@gmail.com","date_of_birth":"2025-07-03","age":"18","status":"active"},{"id":"15","user_type":"patient","name":"Eden Caritos","address":"PIli Camsur","email":"eden@gmail.com","gender":"Female","password":"$2y$12$iDQqqaHABtNBdRA3ZrC\/EeqDZ\/L5cPE4HzaKj84mufo\/mLGS7qNgi","phone":"099150540702","created_at":"2025-08-08 11:06:41","updated_at":"2025-08-08 11:39:27","occupation":"Nurse","nationality":"Filipino","date_of_birth":"2001-09-11","age":"23","status":"active"},{"id":"3","user_type":"patient","name":"Patient Jane","address":"789 Patient Road","email":"patient@perfectsmile.com","gender":"Female","password":"$2y$12$IT16i\/hQXaqPB4bgvBy23.isY3vix20H5snsASckANyzP3HcwpJ0e","phone":"1234567892","created_at":"2025-06-28 16:02:14","updated_at":"2025-08-08 11:10:37","occupation":"hh","nationality":"oo","date_of_birth":"2025-07-08","age":"9","status":"active"}]
INFO - 2025-08-09 03:09:14 --> Patients view: Retrieved 3 patients
DEBUG - 2025-08-09 03:09:15 --> Session: Class initialized using 'CodeIgniter\Session\Handlers\FileHandler' driver.
DEBUG - 2025-08-09 03:09:27 --> Session: Class initialized using 'CodeIgniter\Session\Handlers\FileHandler' driver.
DEBUG - 2025-08-09 03:09:28 --> Session: Class initialized using 'CodeIgniter\Session\Handlers\FileHandler' driver.
DEBUG - 2025-08-09 03:09:29 --> Session: Class initialized using 'CodeIgniter\Session\Handlers\FileHandler' driver.
DEBUG - 2025-08-09 03:09:30 --> Session: Class initialized using 'CodeIgniter\Session\Handlers\FileHandler' driver.
DEBUG - 2025-08-09 03:09:33 --> Session: Class initialized using 'CodeIgniter\Session\Handlers\FileHandler' driver.
DEBUG - 2025-08-09 03:10:07 --> Session: Class initialized using 'CodeIgniter\Session\Handlers\FileHandler' driver.
DEBUG - 2025-08-09 03:10:17 --> Session: Class initialized using 'CodeIgniter\Session\Handlers\FileHandler' driver.
DEBUG - 2025-08-09 03:10:17 --> Session: Class initialized using 'CodeIgniter\Session\Handlers\FileHandler' driver.
DEBUG - 2025-08-09 03:10:48 --> Session: Class initialized using 'CodeIgniter\Session\Handlers\FileHandler' driver.
INFO - 2025-08-09 03:10:48 --> Retrieved 3 patients for activation
